This is pdfTeX, Version 3.14159265-2.6-1.40.15 (MiKTeX 2.9 64-bit) (preloaded format=pdflatex 2015.9.27)  26 SEP 2016 18:35
entering extended mode
**mainthesisUVIC.tex
(mainthesisUVIC.tex
LaTeX2e <2014/05/01>
Babel <3.9l> and hyphenation patterns for 68 languages loaded.
("C:\Program Files\MiKTeX 2.9\tex\latex\base\book.cls"
Document Class: book 2014/09/29 v1.4h Standard LaTeX document class
("C:\Program Files\MiKTeX 2.9\tex\latex\base\bk12.clo"
File: bk12.clo 2014/09/29 v1.4h Standard LaTeX file (size option)
)
\c@part=\count79
\c@chapter=\count80
\c@section=\count81
\c@subsection=\count82
\c@subsubsection=\count83
\c@paragraph=\count84
\c@subparagraph=\count85
\c@figure=\count86
\c@table=\count87
\abovecaptionskip=\skip41
\belowcaptionskip=\skip42
\bibindent=\dimen102
)
\@input{macros/style.aux}
(macros/style.tex ("C:\Program Files\MiKTeX 2.9\tex\latex\geometry\geometry.sty
"
Package: geometry 2010/09/12 v5.6 Page Geometry
 ("C:\Program Files\MiKTeX 2.9\tex\latex\graphics\keyval.sty"
Package: keyval 2014/10/28 v1.15 key=value parser (DPC)
\KV@toks@=\toks14
)
("C:\Program Files\MiKTeX 2.9\tex\generic\oberdiek\ifpdf.sty"
Package: ifpdf 2011/01/30 v2.3 Provides the ifpdf switch (HO)
Package ifpdf Info: pdfTeX in PDF mode is detected.
)
("C:\Program Files\MiKTeX 2.9\tex\generic\oberdiek\ifvtex.sty"
Package: ifvtex 2010/03/01 v1.5 Detect VTeX and its facilities (HO)
Package ifvtex Info: VTeX not detected.
)
("C:\Program Files\MiKTeX 2.9\tex\generic\ifxetex\ifxetex.sty"
Package: ifxetex 2010/09/12 v0.6 Provides ifxetex conditional
)
\Gm@cnth=\count88
\Gm@cntv=\count89
\c@Gm@tempcnt=\count90
\Gm@bindingoffset=\dimen103
\Gm@wd@mp=\dimen104
\Gm@odd@mp=\dimen105
\Gm@even@mp=\dimen106
\Gm@layoutwidth=\dimen107
\Gm@layoutheight=\dimen108
\Gm@layouthoffset=\dimen109
\Gm@layoutvoffset=\dimen110
\Gm@dimlist=\toks15

("C:\Program Files\MiKTeX 2.9\tex\latex\geometry\geometry.cfg"))
("C:\Program Files\MiKTeX 2.9\tex\latex\setspace\setspace.sty"
Package: setspace 2011/12/19 v6.7a set line spacing
)
("C:\Program Files\MiKTeX 2.9\tex\latex\fancyhdr\fancyhdr.sty"
\fancy@headwidth=\skip43
\f@ncyO@elh=\skip44
\f@ncyO@erh=\skip45
\f@ncyO@olh=\skip46
\f@ncyO@orh=\skip47
\f@ncyO@elf=\skip48
\f@ncyO@erf=\skip49
\f@ncyO@olf=\skip50
\f@ncyO@orf=\skip51
)
("C:\Program Files\MiKTeX 2.9\tex\latex\tocloft\tocloft.sty"
Package: tocloft 2013/05/02 v2.3f parameterised ToC, etc., typesetting
Package tocloft Info: The document has chapter divisions on input line 44.
\cftparskip=\skip52
\cftbeforetoctitleskip=\skip53
\cftaftertoctitleskip=\skip54
\cftbeforepartskip=\skip55
\cftpartnumwidth=\skip56
\cftpartindent=\skip57
\cftbeforechapskip=\skip58
\cftchapindent=\skip59
\cftchapnumwidth=\skip60
\cftbeforesecskip=\skip61
\cftsecindent=\skip62
\cftsecnumwidth=\skip63
\cftbeforesubsecskip=\skip64
\cftsubsecindent=\skip65
\cftsubsecnumwidth=\skip66
\cftbeforesubsubsecskip=\skip67
\cftsubsubsecindent=\skip68
\cftsubsubsecnumwidth=\skip69
\cftbeforeparaskip=\skip70
\cftparaindent=\skip71
\cftparanumwidth=\skip72
\cftbeforesubparaskip=\skip73
\cftsubparaindent=\skip74
\cftsubparanumwidth=\skip75
\cftbeforeloftitleskip=\skip76
\cftafterloftitleskip=\skip77
\cftbeforefigskip=\skip78
\cftfigindent=\skip79
\cftfignumwidth=\skip80
\c@lofdepth=\count91
\c@lotdepth=\count92
\cftbeforelottitleskip=\skip81
\cftafterlottitleskip=\skip82
\cftbeforetabskip=\skip83
\cfttabindent=\skip84
\cfttabnumwidth=\skip85
))
\@input{macros/use_packages.aux}
(macros/use_packages.tex
("C:\Program Files\MiKTeX 2.9\tex\latex\tools\dcolumn.sty"
Package: dcolumn 2014/10/28 v1.06 decimal alignment package (DPC)

("C:\Program Files\MiKTeX 2.9\tex\latex\tools\array.sty"
Package: array 2014/10/28 v2.4c Tabular extension package (FMi)
\col@sep=\dimen111
\extrarowheight=\dimen112
\NC@list=\toks16
\extratabsurround=\skip86
\backup@length=\skip87
))
("C:\Program Files\MiKTeX 2.9\tex\latex\tools\longtable.sty"
Package: longtable 2014/10/28 v4.11 Multi-page Table package (DPC)
\LTleft=\skip88
\LTright=\skip89
\LTpre=\skip90
\LTpost=\skip91
\LTchunksize=\count93
\LTcapwidth=\dimen113
\LT@head=\box26
\LT@firsthead=\box27
\LT@foot=\box28
\LT@lastfoot=\box29
\LT@cols=\count94
\LT@rows=\count95
\c@LT@tables=\count96
\c@LT@chunks=\count97
\LT@p@ftn=\toks17
)
("C:\Program Files\MiKTeX 2.9\tex\latex\amsmath\amsmath.sty"
Package: amsmath 2013/01/14 v2.14 AMS math features
\@mathmargin=\skip92

For additional information on amsmath, use the `?' option.
("C:\Program Files\MiKTeX 2.9\tex\latex\amsmath\amstext.sty"
Package: amstext 2000/06/29 v2.01

("C:\Program Files\MiKTeX 2.9\tex\latex\amsmath\amsgen.sty"
File: amsgen.sty 1999/11/30 v2.0
\@emptytoks=\toks18
\ex@=\dimen114
))
("C:\Program Files\MiKTeX 2.9\tex\latex\amsmath\amsbsy.sty"
Package: amsbsy 1999/11/29 v1.2d
\pmbraise@=\dimen115
)
("C:\Program Files\MiKTeX 2.9\tex\latex\amsmath\amsopn.sty"
Package: amsopn 1999/12/14 v2.01 operator names
)
\inf@bad=\count98
LaTeX Info: Redefining \frac on input line 210.
\uproot@=\count99
\leftroot@=\count100
LaTeX Info: Redefining \overline on input line 306.
\classnum@=\count101
\DOTSCASE@=\count102
LaTeX Info: Redefining \ldots on input line 378.
LaTeX Info: Redefining \dots on input line 381.
LaTeX Info: Redefining \cdots on input line 466.
\Mathstrutbox@=\box30
\strutbox@=\box31
\big@size=\dimen116
LaTeX Font Info:    Redeclaring font encoding OML on input line 566.
LaTeX Font Info:    Redeclaring font encoding OMS on input line 567.
\macc@depth=\count103
\c@MaxMatrixCols=\count104
\dotsspace@=\muskip10
\c@parentequation=\count105
\dspbrk@lvl=\count106
\tag@help=\toks19
\row@=\count107
\column@=\count108
\maxfields@=\count109
\andhelp@=\toks20
\eqnshift@=\dimen117
\alignsep@=\dimen118
\tagshift@=\dimen119
\tagwidth@=\dimen120
\totwidth@=\dimen121
\lineht@=\dimen122
\@envbody=\toks21
\multlinegap=\skip93
\multlinetaggap=\skip94
\mathdisplay@stack=\toks22
LaTeX Info: Redefining \[ on input line 2665.
LaTeX Info: Redefining \] on input line 2666.
)
("C:\Program Files\MiKTeX 2.9\tex\latex\amscls\amsthm.sty"
Package: amsthm 2009/07/02 v2.20.1
\thm@style=\toks23
\thm@bodyfont=\toks24
\thm@headfont=\toks25
\thm@notefont=\toks26
\thm@headpunct=\toks27
\thm@preskip=\skip95
\thm@postskip=\skip96
\thm@headsep=\skip97
\dth@everypar=\toks28
)
("C:\Program Files\MiKTeX 2.9\tex\latex\amsfonts\amssymb.sty"
Package: amssymb 2013/01/14 v3.01 AMS font symbols

("C:\Program Files\MiKTeX 2.9\tex\latex\amsfonts\amsfonts.sty"
Package: amsfonts 2013/01/14 v3.01 Basic AMSFonts support
\symAMSa=\mathgroup4
\symAMSb=\mathgroup5
LaTeX Font Info:    Overwriting math alphabet `\mathfrak' in version `bold'
(Font)                  U/euf/m/n --> U/euf/b/n on input line 106.
))
("C:\Program Files\MiKTeX 2.9\tex\latex\tools\xspace.sty"
Package: xspace 2014/10/28 v1.13 Space after command names (DPC,MH)
)
("C:\Program Files\MiKTeX 2.9\tex\latex\textcase\textcase.sty"
Package: textcase 2004/10/07 v0.07 Text only upper/lower case changing (DPC)
)
("C:\Program Files\MiKTeX 2.9\tex\latex\wasysym\wasysym.sty"
Package: wasysym 2003/10/30 v2.0 Wasy-2 symbol support package
\symwasy=\mathgroup6
LaTeX Font Info:    Overwriting symbol font `wasy' in version `bold'
(Font)                  U/wasy/m/n --> U/wasy/b/n on input line 90.
)
("C:\Program Files\MiKTeX 2.9\tex\latex\graphics\graphics.sty"
Package: graphics 2014/10/28 v1.0p Standard LaTeX Graphics (DPC,SPQR)

("C:\Program Files\MiKTeX 2.9\tex\latex\graphics\trig.sty"
Package: trig 1999/03/16 v1.09 sin cos tan (DPC)
)
("C:\Program Files\MiKTeX 2.9\tex\latex\00miktex\graphics.cfg"
File: graphics.cfg 2007/01/18 v1.5 graphics configuration of teTeX/TeXLive
)
Package graphics Info: Driver file: pdftex.def on input line 91.

("C:\Program Files\MiKTeX 2.9\tex\latex\pdftex-def\pdftex.def"
File: pdftex.def 2011/05/27 v0.06d Graphics/color for pdfTeX

("C:\Program Files\MiKTeX 2.9\tex\generic\oberdiek\infwarerr.sty"
Package: infwarerr 2010/04/08 v1.3 Providing info/warning/error messages (HO)
)
("C:\Program Files\MiKTeX 2.9\tex\generic\oberdiek\ltxcmds.sty"
Package: ltxcmds 2011/11/09 v1.22 LaTeX kernel commands for general use (HO)
)
\Gread@gobject=\count110
))
("C:\Program Files\MiKTeX 2.9\tex\latex\graphics\graphicx.sty"
Package: graphicx 2014/10/28 v1.0g Enhanced LaTeX Graphics (DPC,SPQR)
\Gin@req@height=\dimen123
\Gin@req@width=\dimen124
))
(mainthesisUVIC.aux (chapters/1/chapter_intro.aux)
(chapters/2/chapter_hardwareSecurity.aux) (chapters/3/chapter_new.aux)
(chapters/4/chapter_experiments.aux) (chapters/5/chapter_evaluation.aux)
(chapters/6/chapter_conclusion.aux) (chapters/appendix/chapter_app.aux))
LaTeX Font Info:    Checking defaults for OML/cmm/m/it on input line 5.
LaTeX Font Info:    ... okay on input line 5.
LaTeX Font Info:    Checking defaults for T1/cmr/m/n on input line 5.
LaTeX Font Info:    ... okay on input line 5.
LaTeX Font Info:    Checking defaults for OT1/cmr/m/n on input line 5.
LaTeX Font Info:    ... okay on input line 5.
LaTeX Font Info:    Checking defaults for OMS/cmsy/m/n on input line 5.
LaTeX Font Info:    ... okay on input line 5.
LaTeX Font Info:    Checking defaults for OMX/cmex/m/n on input line 5.
LaTeX Font Info:    ... okay on input line 5.
LaTeX Font Info:    Checking defaults for U/cmr/m/n on input line 5.
LaTeX Font Info:    ... okay on input line 5.

*geometry* driver: auto-detecting
*geometry* detected driver: pdftex
*geometry* verbose mode - [ preamble ] result:
* driver: pdftex
* paper: <default>
* layout: <same size as paper>
* layoutoffset:(h,v)=(0.0pt,0.0pt)
* modes: 
* h-part:(L,W,R)=(108.405pt, 433.62001pt, 72.26999pt)
* v-part:(T,H,B)=(93.95122pt, 628.74878pt, 72.26999pt)
* \paperwidth=614.295pt
* \paperheight=794.96999pt
* \textwidth=433.62001pt
* \textheight=628.74878pt
* \oddsidemargin=36.13501pt
* \evensidemargin=36.13501pt
* \topmargin=-26.45377pt
* \headheight=12.0pt
* \headsep=36.135pt
* \topskip=12.0pt
* \footskip=30.0pt
* \marginparwidth=47.0pt
* \marginparsep=7.0pt
* \columnsep=10.0pt
* \skip\footins=10.8pt plus 4.0pt minus 2.0pt
* \hoffset=0.0pt
* \voffset=0.0pt
* \mag=1000
* \@twocolumnfalse
* \@twosidefalse
* \@mparswitchfalse
* \@reversemarginfalse
* (1in=72.27pt=25.4mm, 1cm=28.453pt)

("C:\Program Files\MiKTeX 2.9\tex\context\base\supp-pdf.mkii"
[Loading MPS to PDF converter (version 2006.09.02).]
\scratchcounter=\count111
\scratchdimen=\dimen125
\scratchbox=\box32
\nofMPsegments=\count112
\nofMParguments=\count113
\everyMPshowfont=\toks29
\MPscratchCnt=\count114
\MPscratchDim=\dimen126
\MPnumerator=\count115
\makeMPintoPDFobject=\count116
\everyMPtoPDFconversion=\toks30
) (frontmatter/fm.tex (frontmatter/tp.tex
LaTeX Font Info:    Try loading font information for U+msa on input line 4.

("C:\Program Files\MiKTeX 2.9\tex\latex\amsfonts\umsa.fd"
File: umsa.fd 2013/01/14 v3.01 AMS symbols A
)
LaTeX Font Info:    Try loading font information for U+msb on input line 4.

("C:\Program Files\MiKTeX 2.9\tex\latex\amsfonts\umsb.fd"
File: umsb.fd 2013/01/14 v3.01 AMS symbols B
)
LaTeX Font Info:    Try loading font information for U+wasy on input line 4.

("C:\Program Files\MiKTeX 2.9\tex\latex\wasysym\uwasy.fd"
File: uwasy.fd 2003/10/30 v2.0 Wasy-2 symbol font definitions
)
LaTeX Font Info:    Try loading font information for OMS+cmr on input line 19.

("C:\Program Files\MiKTeX 2.9\tex\latex\base\omscmr.fd"
File: omscmr.fd 2014/09/29 v2.5h Standard LaTeX font definitions
)
LaTeX Font Info:    Font shape `OMS/cmr/m/n' in size <12> not available
(Font)              Font shape `OMS/cmsy/m/n' tried instead on input line 19.
) (frontmatter/sc.tex
[1





{C:/ProgramData/MiKTeX/2.9/pdftex/config/pdftex.map}]
Underfull \hbox (badness 10000) in paragraph at lines 16--19

 []

) [2] (frontmatter/abs.tex
Underfull \hbox (badness 10000) in paragraph at lines 4--7

 []

) [3] (mainthesisUVIC.toc

Package Fancyhdr Warning: \headheight is too small (12.0pt): 
 Make it at least 14.49998pt.
 We now make it that large for the rest of the document.
 This may cause the page layout to be inconsistent, however.

[4])
\tf@toc=\write3
 [5] (mainthesisUVIC.lot)
\tf@lot=\write4
 [6] (mainthesisUVIC.lof)
\tf@lof=\write5
 (frontmatter/ack.tex
[7]) (frontmatter/ded.tex [8]) [9]) (chapters/1/chapter_intro.tex
Chapter 1.
) [1


] (chapters/2/chapter_hardwareSecurity.tex
Chapter 2.
\savedunitlength=\skip98
) [2



] (chapters/3/chapter_new.tex
Chapter 3.
) [3



] (chapters/4/chapter_experiments.tex
Chapter 4.
[4



] <figures/HW_trojan.png, id=48, 561.5379pt x 347.6187pt>
File: figures/HW_trojan.png Graphic file (type png)

<use figures/HW_trojan.png>
Package pdftex.def Info: figures/HW_trojan.png used on input line 16.
(pdftex.def)             Requested size: 411.93768pt x 255.01134pt.

<figures/trojan_life_cycle.png, id=50, 364.9635pt x 164.0529pt>
File: figures/trojan_life_cycle.png Graphic file (type png)

<use figures/trojan_life_cycle.png>
Package pdftex.def Info: figures/trojan_life_cycle.png used on input line 22.
(pdftex.def)             Requested size: 303.53267pt x 136.44673pt.
 [5 <./figures/HW_trojan.png> <./figures/trojan_life_cycle.png>] <figures/R_sho
rt.png, id=56, 331.2375pt x 103.88812pt>
File: figures/R_short.png Graphic file (type png)

<use figures/R_short.png>
Package pdftex.def Info: figures/R_short.png used on input line 31.
(pdftex.def)             Requested size: 165.61833pt x 51.94392pt.
 <figures/R1.png, id=57, 237.88875pt x 109.1578pt>
File: figures/R1.png Graphic file (type png)

<use figures/R1.png>
Package pdftex.def Info: figures/R1.png used on input line 42.
(pdftex.def)             Requested size: 195.12767pt x 89.53995pt.


LaTeX Warning: `h' float specifier changed to `ht'.

[6 <./figures/R_short.png>] <figures/R12.png, id=62, 301.125pt x 115.18031pt>
File: figures/R12.png Graphic file (type png)

<use figures/R12.png>
Package pdftex.def Info: figures/R12.png used on input line 51.
(pdftex.def)             Requested size: 216.81pt x 82.93326pt.
 <figures/Full1.pdf, id=63, 228.855pt x 168.63pt>
File: figures/Full1.pdf Graphic file (type pdf)

<use figures/Full1.pdf>
Package pdftex.def Info: figures/Full1.pdf used on input line 59.
(pdftex.def)             Requested size: 238.49232pt x 175.739pt.

Underfull \hbox (badness 10000) in paragraph at lines 65--66

 []

[7 <./figures/R1.png> <./figures/R12.png> <./figures/Full1.pdf>]
Underfull \hbox (badness 10000) in paragraph at lines 67--68

 []

<figures/effectSeverity.png, id=77, 681.29532pt x 388.45125pt>
File: figures/effectSeverity.png Graphic file (type png)

<use figures/effectSeverity.png>
Package pdftex.def Info: figures/effectSeverity.png used on input line 71.
(pdftex.def)             Requested size: 346.89732pt x 197.78743pt.

Underfull \hbox (badness 10000) in paragraph at lines 76--77

 []

[8 <./figures/effectSeverity.png>]
Overfull \hbox (11.28014pt too wide) in paragraph at lines 86--86
[]|$\OML/cmm/m/it/12 I[]$| 
 []


Overfull \hbox (11.19543pt too wide) in paragraph at lines 86--86
[]|$\OML/cmm/m/it/12 I[]$| 
 []


Overfull \hbox (11.50653pt too wide) in paragraph at lines 86--86
[]|$\OML/cmm/m/it/12 I[]$| 
 []


Overfull \hbox (10.60931pt too wide) in paragraph at lines 86--86
[]|$\OML/cmm/m/it/12 I[]$| 
 []


Overfull \hbox (11.38847pt too wide) in paragraph at lines 86--86
[]|$\OML/cmm/m/it/12 I[]$| 
 []


Overfull \hbox (11.45209pt too wide) in paragraph at lines 86--86
[]|$\OML/cmm/m/it/12 I[]$| 
 []


Overfull \hbox (11.3982pt too wide) in paragraph at lines 86--86
[]|$\OML/cmm/m/it/12 I[]$| 
 []


Overfull \hbox (6.67735pt too wide) in paragraph at lines 86--86
[]|$\OML/cmm/m/it/12 I[]$| 
 []


Overfull \hbox (14.50433pt too wide) in paragraph at lines 86--86
[]|$\OML/cmm/m/it/12 C[]$| 
 []


Overfull \hbox (14.41963pt too wide) in paragraph at lines 86--86
[]|$\OML/cmm/m/it/12 C[]$| 
 []


Overfull \hbox (14.73073pt too wide) in paragraph at lines 86--86
[]|$\OML/cmm/m/it/12 C[]$| 
 []


Overfull \hbox (13.83351pt too wide) in paragraph at lines 86--86
[]|$\OML/cmm/m/it/12 C[]$| 
 []


Overfull \hbox (14.61267pt too wide) in paragraph at lines 86--86
[]|$\OML/cmm/m/it/12 C[]$| 
 []


Overfull \hbox (14.67628pt too wide) in paragraph at lines 86--86
[]|$\OML/cmm/m/it/12 C[]$| 
 []


Overfull \hbox (14.62239pt too wide) in paragraph at lines 86--86
[]|$\OML/cmm/m/it/12 C[]$| 
 []


Overfull \hbox (9.90155pt too wide) in paragraph at lines 86--86
[]|$\OML/cmm/m/it/12 C[]$| 
 []


Overfull \hbox (5.02136pt too wide) in paragraph at lines 87--87
[]|\OT1/cmr/m/n/12 2| 
 []


Overfull \hbox (5.02136pt too wide) in paragraph at lines 87--87
[]|\OT1/cmr/m/n/12 6| 
 []


Overfull \hbox (5.02136pt too wide) in paragraph at lines 87--87
[]|\OT1/cmr/m/n/12 2| 
 []


Overfull \hbox (5.02136pt too wide) in paragraph at lines 87--87
[]|\OT1/cmr/m/n/12 1| 
 []


Overfull \hbox (5.02136pt too wide) in paragraph at lines 87--87
[]|\OT1/cmr/m/n/12 2| 
 []


Overfull \hbox (5.02136pt too wide) in paragraph at lines 87--87
[]|\OT1/cmr/m/n/12 1| 
 []


Overfull \hbox (5.02136pt too wide) in paragraph at lines 87--87
[]|\OT1/cmr/m/n/12 7| 
 []


Overfull \hbox (5.02136pt too wide) in paragraph at lines 87--87
[]|\OT1/cmr/m/n/12 2| 
 []


Overfull \hbox (5.02136pt too wide) in paragraph at lines 87--87
[]|\OT1/cmr/m/n/12 6| 
 []


Overfull \hbox (5.02136pt too wide) in paragraph at lines 87--87
[]|\OT1/cmr/m/n/12 4| 
 []


Overfull \hbox (5.02136pt too wide) in paragraph at lines 87--87
[]|\OT1/cmr/m/n/12 1| 
 []


Overfull \hbox (5.02136pt too wide) in paragraph at lines 87--87
[]|\OT1/cmr/m/n/12 2| 
 []


Overfull \hbox (5.02136pt too wide) in paragraph at lines 87--87
[]|\OT1/cmr/m/n/12 1| 
 []


Overfull \hbox (5.02136pt too wide) in paragraph at lines 87--87
[]|\OT1/cmr/m/n/12 5| 
 []


Overfull \hbox (5.02136pt too wide) in paragraph at lines 88--88
[]|\OT1/cmr/m/n/12 3| 
 []


Overfull \hbox (5.02136pt too wide) in paragraph at lines 88--88
[]|\OT1/cmr/m/n/12 3| 
 []


Overfull \hbox (5.02136pt too wide) in paragraph at lines 88--88
[]|\OT1/cmr/m/n/12 1| 
 []


Overfull \hbox (5.02136pt too wide) in paragraph at lines 88--88
[]|\OT1/cmr/m/n/12 2| 
 []


Overfull \hbox (5.02136pt too wide) in paragraph at lines 88--88
[]|\OT1/cmr/m/n/12 1| 
 []


Overfull \hbox (5.02136pt too wide) in paragraph at lines 88--88
[]|\OT1/cmr/m/n/12 2| 
 []


Overfull \hbox (5.02136pt too wide) in paragraph at lines 88--88
[]|\OT1/cmr/m/n/12 8| 
 []


Overfull \hbox (5.02136pt too wide) in paragraph at lines 88--88
[]|\OT1/cmr/m/n/12 3| 
 []


Overfull \hbox (5.02136pt too wide) in paragraph at lines 88--88
[]|\OT1/cmr/m/n/12 3| 
 []


Overfull \hbox (5.02136pt too wide) in paragraph at lines 88--88
[]|\OT1/cmr/m/n/12 2| 
 []


Overfull \hbox (5.02136pt too wide) in paragraph at lines 88--88
[]|\OT1/cmr/m/n/12 2| 
 []


Overfull \hbox (5.02136pt too wide) in paragraph at lines 88--88
[]|\OT1/cmr/m/n/12 1| 
 []


Overfull \hbox (5.02136pt too wide) in paragraph at lines 88--88
[]|\OT1/cmr/m/n/12 3| 
 []


Overfull \hbox (5.02136pt too wide) in paragraph at lines 88--88
[]|\OT1/cmr/m/n/12 6| 
 []


Overfull \hbox (9.28845pt too wide) in paragraph at lines 99--99
[]|$\OML/cmm/m/it/12 I[]$| 
 []


Overfull \hbox (9.20375pt too wide) in paragraph at lines 99--99
[]|$\OML/cmm/m/it/12 I[]$| 
 []


Overfull \hbox (9.51485pt too wide) in paragraph at lines 99--99
[]|$\OML/cmm/m/it/12 I[]$| 
 []


Overfull \hbox (8.61763pt too wide) in paragraph at lines 99--99
[]|$\OML/cmm/m/it/12 I[]$| 
 []


Overfull \hbox (9.39679pt too wide) in paragraph at lines 99--99
[]|$\OML/cmm/m/it/12 I[]$| 
 []


Overfull \hbox (9.4604pt too wide) in paragraph at lines 99--99
[]|$\OML/cmm/m/it/12 I[]$| 
 []


Overfull \hbox (9.40651pt too wide) in paragraph at lines 99--99
[]|$\OML/cmm/m/it/12 I[]$| 
 []


Overfull \hbox (9.52263pt too wide) in paragraph at lines 99--99
[]|$\OML/cmm/m/it/12 I[]$| 
 []


Overfull \hbox (6.61513pt too wide) in paragraph at lines 99--99
[]|$\OML/cmm/m/it/12 I[]$| 
 []


Overfull \hbox (12.51265pt too wide) in paragraph at lines 99--99
[]|$\OML/cmm/m/it/12 C[]$| 
 []


Overfull \hbox (12.42795pt too wide) in paragraph at lines 99--99
[]|$\OML/cmm/m/it/12 C[]$| 
 []


Overfull \hbox (12.73904pt too wide) in paragraph at lines 99--99
[]|$\OML/cmm/m/it/12 C[]$| 
 []


Overfull \hbox (11.84183pt too wide) in paragraph at lines 99--99
[]|$\OML/cmm/m/it/12 C[]$| 
 []


Overfull \hbox (12.62099pt too wide) in paragraph at lines 99--99
[]|$\OML/cmm/m/it/12 C[]$| 
 []


Overfull \hbox (12.6846pt too wide) in paragraph at lines 99--99
[]|$\OML/cmm/m/it/12 C[]$| 
 []


Overfull \hbox (12.6307pt too wide) in paragraph at lines 99--99
[]|$\OML/cmm/m/it/12 C[]$| 
 []


Overfull \hbox (12.74683pt too wide) in paragraph at lines 99--99
[]|$\OML/cmm/m/it/12 C[]$| 
 []


Overfull \hbox (8.41669pt too wide) in paragraph at lines 99--99
[]|$\OML/cmm/m/it/12 C[]$| 
 []


Overfull \hbox (3.02968pt too wide) in paragraph at lines 100--100
[]|\OT1/cmr/m/n/12 3| 
 []


Overfull \hbox (3.02968pt too wide) in paragraph at lines 100--100
[]|\OT1/cmr/m/n/12 3| 
 []


Overfull \hbox (5.4755pt too wide) in paragraph at lines 100--100
[]|\OT1/cmr/m/n/12 B| 
 []


Overfull \hbox (3.02968pt too wide) in paragraph at lines 100--100
[]|\OT1/cmr/m/n/12 1| 
 []


Overfull \hbox (3.02968pt too wide) in paragraph at lines 100--100
[]|\OT1/cmr/m/n/12 2| 
 []


Overfull \hbox (3.02968pt too wide) in paragraph at lines 100--100
[]|\OT1/cmr/m/n/12 4| 
 []


Overfull \hbox (3.02968pt too wide) in paragraph at lines 100--100
[]|\OT1/cmr/m/n/12 7| 
 []


Overfull \hbox (5.96298pt too wide) in paragraph at lines 100--100
[]|\OT1/cmr/m/n/12 V| 
 []


Overfull \hbox (3.02968pt too wide) in paragraph at lines 100--100
[]|\OT1/cmr/m/n/12 3| 
 []


Overfull \hbox (3.02968pt too wide) in paragraph at lines 100--100
[]|\OT1/cmr/m/n/12 3| 
 []


Overfull \hbox (3.02968pt too wide) in paragraph at lines 100--100
[]|\OT1/cmr/m/n/12 7| 
 []


Overfull \hbox (3.02968pt too wide) in paragraph at lines 100--100
[]|\OT1/cmr/m/n/12 1| 
 []


Overfull \hbox (3.02968pt too wide) in paragraph at lines 100--100
[]|\OT1/cmr/m/n/12 2| 
 []


Overfull \hbox (3.02968pt too wide) in paragraph at lines 100--100
[]|\OT1/cmr/m/n/12 3| 
 []


Overfull \hbox (3.02968pt too wide) in paragraph at lines 100--100
[]|\OT1/cmr/m/n/12 5| 
 []


Overfull \hbox (3.02968pt too wide) in paragraph at lines 100--100
[]|\OT1/cmr/m/n/12 5| 
 []


Overfull \hbox (3.02968pt too wide) in paragraph at lines 101--101
[]|\OT1/cmr/m/n/12 3| 
 []


Overfull \hbox (3.02968pt too wide) in paragraph at lines 101--101
[]|\OT1/cmr/m/n/12 3| 
 []


Overfull \hbox (3.02968pt too wide) in paragraph at lines 101--101
[]|\OT1/cmr/m/n/12 1| 
 []


Overfull \hbox (3.02968pt too wide) in paragraph at lines 101--101
[]|\OT1/cmr/m/n/12 2| 
 []


Overfull \hbox (3.02968pt too wide) in paragraph at lines 101--101
[]|\OT1/cmr/m/n/12 1| 
 []


Overfull \hbox (3.02968pt too wide) in paragraph at lines 101--101
[]|\OT1/cmr/m/n/12 4| 
 []


Overfull \hbox (3.02968pt too wide) in paragraph at lines 101--101
[]|\OT1/cmr/m/n/12 7| 
 []


Overfull \hbox (5.96298pt too wide) in paragraph at lines 101--101
[]|\OT1/cmr/m/n/12 V| 
 []


Overfull \hbox (3.02968pt too wide) in paragraph at lines 101--101
[]|\OT1/cmr/m/n/12 3| 
 []


Overfull \hbox (3.02968pt too wide) in paragraph at lines 101--101
[]|\OT1/cmr/m/n/12 3| 
 []


Overfull \hbox (3.02968pt too wide) in paragraph at lines 101--101
[]|\OT1/cmr/m/n/12 2| 
 []


Overfull \hbox (3.02968pt too wide) in paragraph at lines 101--101
[]|\OT1/cmr/m/n/12 3| 
 []


Overfull \hbox (3.02968pt too wide) in paragraph at lines 101--101
[]|\OT1/cmr/m/n/12 1| 
 []


Overfull \hbox (3.02968pt too wide) in paragraph at lines 101--101
[]|\OT1/cmr/m/n/12 3| 
 []


Overfull \hbox (3.02968pt too wide) in paragraph at lines 101--101
[]|\OT1/cmr/m/n/12 5| 
 []


Overfull \hbox (3.02968pt too wide) in paragraph at lines 101--101
[]|\OT1/cmr/m/n/12 5| 
 []

[9]) [10] (chapters/5/chapter_evaluation.tex
Chapter 5.
[11



] <figures/DBModel.png, id=92, 516.42938pt x 440.39531pt>
File: figures/DBModel.png Graphic file (type png)

<use figures/DBModel.png>
Package pdftex.def Info: figures/DBModel.png used on input line 16.
(pdftex.def)             Requested size: 433.62001pt x 369.7884pt.
 [12] [13 <./figures/DBModel.png>]
<figures/WebsiteArchitecture.png, id=99, 542.025pt x 307.1475pt>
File: figures/WebsiteArchitecture.png Graphic file (type png)

<use figures/WebsiteArchitecture.png>
Package pdftex.def Info: figures/WebsiteArchitecture.png used on input line 26.

(pdftex.def)             Requested size: 433.62001pt x 245.72769pt.


LaTeX Warning: Reference `Classification' on page 14 undefined on input line 33
.


LaTeX Warning: Reference `CatApp' on page 14 undefined on input line 33.

[14 <./figures/WebsiteArchitecture.png>]

LaTeX Warning: Reference `AzureDesc' on page 15 undefined on input line 36.

<figures/TrojanDistribution.png, id=103, 1638.87282pt x 964.35281pt>
File: figures/TrojanDistribution.png Graphic file (type png)

<use figures/TrojanDistribution.png>
Package pdftex.def Info: figures/TrojanDistribution.png used on input line 39.
(pdftex.def)             Requested size: 390.25536pt x 229.62476pt.

<figures/azureReport.png, id=104, 497.60907pt x 313.9228pt>
File: figures/azureReport.png Graphic file (type png)

<use figures/azureReport.png>
Package pdftex.def Info: figures/azureReport.png used on input line 46.
(pdftex.def)             Requested size: 390.25536pt x 246.20001pt.

<figures/attributeList.png, id=105, 1012.5328pt x 523.20468pt>
File: figures/attributeList.png Graphic file (type png)

<use figures/attributeList.png>
Package pdftex.def Info: figures/attributeList.png used on input line 55.
(pdftex.def)             Requested size: 411.93768pt x 212.86273pt.
 [15 <./figures/TrojanDistribution.png>]
[16 <./figures/azureReport.png>]
Underfull \hbox (badness 10000) in paragraph at lines 60--61

 []

[17 <./figures/attributeList.png>]
<figures/VirusDescription.png, id=118, 971.88094pt x 371.13657pt>
File: figures/VirusDescription.png Graphic file (type png)

<use figures/VirusDescription.png>
Package pdftex.def Info: figures/VirusDescription.png used on input line 65.
(pdftex.def)             Requested size: 476.98465pt x 182.14732pt.

Overfull \hbox (43.36464pt too wide) in paragraph at lines 65--66
 [][] 
 []

<figures/visualization.png, id=119, 1020.06094pt x 510.40688pt>
File: figures/visualization.png Graphic file (type png)

<use figures/visualization.png>
Package pdftex.def Info: figures/visualization.png used on input line 71.
(pdftex.def)             Requested size: 433.62001pt x 216.97067pt.

<figures/visualizationRemoved.png, id=120, 619.56468pt x 292.84406pt>
File: figures/visualizationRemoved.png Graphic file (type png)

<use figures/visualizationRemoved.png>
Package pdftex.def Info: figures/visualizationRemoved.png used on input line 77
.
(pdftex.def)             Requested size: 390.25536pt x 184.45697pt.

Underfull \hbox (badness 10000) in paragraph at lines 82--83

 []


Underfull \hbox (badness 10000) in paragraph at lines 84--85

 []

[18 <./figures/VirusDescription.png>] [19 <./figures/visualization.png> <./figu
res/visualizationRemoved.png>]
<figures/severityRatin.png, id=127, 1126.96031pt x 160.34906pt>
File: figures/severityRatin.png Graphic file (type png)

<use figures/severityRatin.png>
Package pdftex.def Info: figures/severityRatin.png used on input line 90.
(pdftex.def)             Requested size: 433.62001pt x 61.69664pt.


LaTeX Warning: Reference `Review' on page 20 undefined on input line 95.

<figures/newDetection.png, id=128, 897.3525pt x 212.29312pt>
File: figures/newDetection.png Graphic file (type png)

<use figures/newDetection.png>
Package pdftex.def Info: figures/newDetection.png used on input line 98.
(pdftex.def)             Requested size: 390.25536pt x 92.32408pt.

<figures/comparison.png, id=129, 894.34125pt x 453.94594pt>
File: figures/comparison.png Graphic file (type png)

<use figures/comparison.png>
Package pdftex.def Info: figures/comparison.png used on input line 104.
(pdftex.def)             Requested size: 390.25536pt x 198.08829pt.


LaTeX Warning: Citation `SamerCategorization' on page 20 undefined on input lin
e 108.

[20 <./figures/severityRatin.png>] [21 <./figures/newDetection.png> <./figures/
comparison.png>]) [22] (chapters/6/chapter_conclusion.tex
Chapter 6.
) [23



] (chapters/appendix/chapter_app.tex
Appendix A.
) [24



] (mainthesisUVIC.bbl
Underfull \hbox (badness 1226) in paragraph at lines 40--45
[]\OT1/cmr/m/n/12 T. Aaron Gul-liver Fayez Gebali Samer Moein, Ja-yaram Sub-ram
-nian and
 []

) [25


] (mainthesisUVIC.aux (chapters/1/chapter_intro.aux)
(chapters/2/chapter_hardwareSecurity.aux) (chapters/3/chapter_new.aux)
(chapters/4/chapter_experiments.aux) (chapters/5/chapter_evaluation.aux)
(chapters/6/chapter_conclusion.aux) (chapters/appendix/chapter_app.aux))

LaTeX Warning: There were undefined references.

 ) 
Here is how much of TeX's memory you used:
 3661 strings out of 493698
 49193 string characters out of 3144415
 125598 words of memory out of 3000000
 6820 multiletter control sequences out of 15000+200000
 11749 words of font info for 44 fonts, out of 3000000 for 9000
 1025 hyphenation exceptions out of 8191
 31i,12n,45p,1719b,304s stack positions out of 5000i,500n,10000p,200000b,50000s
<C:/Program Files/MiKTeX 2.9/fonts/type1/public/amsfonts/cm/cmbx12.pfb><C:/Pr
ogram Files/MiKTeX 2.9/fonts/type1/public/amsfonts/cm/cmmi12.pfb><C:/Program Fi
les/MiKTeX 2.9/fonts/type1/public/amsfonts/cm/cmmi8.pfb><C:/Program Files/MiKTe
X 2.9/fonts/type1/public/amsfonts/cm/cmr12.pfb><C:/Program Files/MiKTeX 2.9/fon
ts/type1/public/amsfonts/cm/cmr8.pfb><C:/Program Files/MiKTeX 2.9/fonts/type1/p
ublic/amsfonts/cm/cmsy10.pfb><C:/Program Files/MiKTeX 2.9/fonts/type1/public/am
sfonts/cm/cmti12.pfb>
Output written on mainthesisUVIC.pdf (34 pages, 590253 bytes).
PDF statistics:
 172 PDF objects out of 1000 (max. 8388607)
 0 named destinations out of 1000 (max. 500000)
 91 words of extra memory for PDF output out of 10000 (max. 10000000)

